<?xml version="1.0" encoding="UTF-8"?>
<!-- Generated by org.testng.reporters.JUnitReportReporter -->
<testsuite skipped="0" hostname="NAVBCP3330" name="mavensample.CrossBrowserScripts" tests="2" failures="0" timestamp="2021-09-17T10:48:36 IST" time="34.609" errors="0">
  <testcase name="testParameterWithXML" time="18.486" classname="mavensample.CrossBrowserScripts"/>
  <system-out/>
  <testcase name="testParameterWithXML" time="16.123" classname="mavensample.CrossBrowserScripts"/>
  <system-out/>
</testsuite> <!-- mavensample.CrossBrowserScripts -->
