<?xml version="1.0" encoding="UTF-8"?>
<!-- Generated by org.testng.reporters.JUnitReportReporter -->
<testsuite hostname="NAVBCP3330" failures="0" tests="2" name="mavensample.RecorderScript" time="32.474" errors="0" timestamp="2021-09-15T15:46:17 IST" skipped="0">
  <testcase classname="mavensample.RecorderScript" name="testParameterWithXML" time="15.106"/>
  <system-out/>
  <testcase classname="mavensample.RecorderScript" name="testParameterWithXML" time="17.368"/>
  <system-out/>
</testsuite> <!-- mavensample.RecorderScript -->
