<?xml version="1.0" encoding="UTF-8"?>
<!-- Generated by org.testng.reporters.JUnitReportReporter -->
<testsuite hostname="NAVBCP3330" failures="0" tests="1" name="mavensample.SampleMaven" time="10.444" errors="0" timestamp="2021-09-14T18:23:34 IST" skipped="0">
  <testcase classname="mavensample.SampleMaven" name="TestMethod" time="10.444"/>
  <system-out/>
</testsuite> <!-- mavensample.SampleMaven -->
