<?xml version="1.0" encoding="UTF-8"?>
<!-- Generated by org.testng.reporters.JUnitReportReporter -->
<testsuite hostname="NAVBCP3330" failures="0" tests="1" name="mavensample.VerifyLoginPage" time="22.138" errors="0" timestamp="2021-09-15T09:47:40 IST" skipped="0">
  <testcase classname="mavensample.VerifyLoginPage" name="verifyValidLogin" time="22.138"/>
  <system-out/>
</testsuite> <!-- mavensample.VerifyLoginPage -->
